[15:30:15] [STORAGE] All Ignore data cache initialized [ok]
[15:30:15] [STORAGE] All Ban data cache initialized [ok]
[15:30:15] [STORAGE] All Automod cache initialized [ok]
[15:30:15] [STORAGE] All Custom roles cache initialized [ok]
[15:30:15] [STORAGE] All Custom roles permissions cache initialized [ok]
[15:30:15] [STORAGE] All Media channels cache initialized [ok]
[15:30:15] [STORAGE] All Auto responder cache initialized [ok]
[15:30:15] [STORAGE] All Giveaways cache initialized [ok]
[15:30:15] [STORAGE] All Giveaways permissions cache initialized [ok]
[15:30:15] [STORAGE] All Ticket settings cache initialized [ok]
[15:30:15] [STORAGE] All Shop cache initialized [ok]
[15:30:15] [STORAGE] All Music cache initialized [ok]
[15:30:15] [STORAGE] All Command Access cache initialized
[15:30:28] [INFO] Database collection giveaway_participants ready
[15:30:28] [INFO] Database collection guilds_backup ready
[15:30:29] [INFO] Connected to Mongo storage
[15:30:29] [INFO] Database collection giveaways_permissions ready
[15:30:29] [INFO] Database collection antinuke_settings ready
[15:30:29] [INFO] Database collection ticket_settings ready
[15:30:29] [INFO] Database collection j2c_settings ready
[15:30:29] [INFO] Database collection automod ready
[15:30:29] [INFO] Database collection shop ready
[15:30:29] [INFO] Database collection afk ready
[15:30:29] [INFO] Database collection users ready
[15:30:29] [INFO] Database collection auto_responder ready
[15:30:30] [INFO] Database collection antinuke_bypass ready
[15:30:30] [INFO] Database collection custom_roles_permissions ready
[15:30:30] [INFO] Database collection tickets ready
[15:30:30] [INFO] Database collection welcomer_settings ready
[15:30:30] [INFO] Database collection snipe_data ready
[15:30:30] [INFO] Database collection guilds_log ready
[15:30:30] [INFO] Database collection command_access ready
[15:30:30] [INFO] Database collection custom_roles ready
[15:30:30] [INFO] Database collection media_channels ready
[15:30:30] [INFO] Database collection giveaways ready
[15:30:30] [INFO] Database collection redeem_codes ready
[15:30:30] [INFO] Database collection ignore_data ready
[15:30:30] [INFO] Database collection j2c ready
[15:30:30] [INFO] Database collection ban_data ready
[15:30:30] [INFO] Database collection music ready
[15:30:30] [INFO] Database collection guilds ready
[15:30:30] [STORAGE] Database collections loaded
[15:30:30] [STORAGE] All Users cache loaded [ok]
[15:30:30] [STORAGE] All Custom roles cache loaded [ok]
[15:30:30] [STORAGE] All J2C cache loaded [ok]
[15:30:30] [STORAGE] All Guilds cache loaded [ok]
[15:30:30] [STORAGE] All Redeem codes cache loaded [ok]
[15:30:30] [STORAGE] All Custom roles permissions cache loaded [ok]
[15:30:30] [STORAGE] All Shop cache loaded [ok]
[15:30:30] [STORAGE] All Guilds log cache loaded [ok]
[15:30:30] [STORAGE] All J2C settings cache loaded [ok]
[15:30:30] [STORAGE] All Guilds backup cache loaded [ok]
[15:30:30] [STORAGE] All Media channels cache loaded [ok]
[15:30:30] [STORAGE] All Command Access cache loaded
[15:30:30] [STORAGE] All Welcomer settings cache loaded [ok]
[15:30:30] [STORAGE] All Antinuke bypass cache loaded [ok]
[15:30:30] [STORAGE] All Snipe data cache loaded [ok]
[15:30:30] [STORAGE] All AFK cache loaded [ok]
[15:30:30] [STORAGE] All Automod cache loaded [ok]
[15:30:30] [STORAGE] All Ignore data cache loaded [ok]
[15:30:30] [STORAGE] All Auto responder cache loaded [ok]
[15:30:30] [STORAGE] All Giveaways permissions cache loaded [ok]
[15:30:30] [STORAGE] All Music cache loaded [ok]
[15:30:30] [STORAGE] All Ticket settings cache loaded [ok]
[15:30:30] [STORAGE] All Giveaways cache loaded [ok]
[15:30:31] [STORAGE] All Antinuke settings cache loaded [ok]
[15:30:31] [SUCCESS] All cache systems synchronized! [ok]
[15:30:31] [SYSTEM] [35m★ Starting Native Application Emoji Sync...[0m
[15:30:33] [INFO] [36m◈ Config Search:[0m Found [33m86[0m unique templates [90m|[0m Application hosts [32m86[0m App Emojis
[15:30:33] [SYSTEM] [32m86 perfectly matching[0m
[15:30:33] [COG] Mounted 39 src units
[15:30:33] [COG] Ticket creator restored
[15:30:33] [COG] Ticket closer restored
[15:30:33] [SUCCESS] REO runtime is online
[15:30:41] [INFO] Shard 0 is ready
[15:30:46] [INFO] Shard 1 is ready
[15:30:46] [SUCCESS] Connected as UI X7#0739
[15:30:46] [INFO] Total Ticket Modules in Cache Guilds: 2
[15:30:46] [INFO] Resumed Ticket Creator for all guilds
[15:30:46] [COG] Active Giveaways Resumed
[15:30:46] [COG] J2C Controllers Resumed
[15:30:46] [INFO] Resuming Ticket Creator for guild 1498011447018651648
[15:30:46] [ERROR] Guild 1498011447018651648 not found for Ticket Creator
[15:30:46] [INFO] Resuming Ticket Creator for guild 1375136122132496506
[15:30:46] [INFO] Total Ticket Modules in Cache for mi test: 1
[15:30:46] [INFO] Total Giveaways in Cache Guilds: 0
[15:30:46] [WARNING] Channel not found for ticket panel message: None
[15:30:46] [INFO] Resumed Ticket Creator for 1375136122132496506 - Module 1
[15:30:46] [INFO] Resumed Ticket Closer for all guilds
[15:30:47] [SYSTEM] Application Commands (Tree) Synced
[15:30:47] [SYSTEM] Found 1 Authorized Developers
[15:30:48] [INFO] Connected to Lavalink with 1 nodes
[15:30:49] [WARNING] Node https://lava-v4.ajieblogs.eu.org:443 is ready!
[15:41:44] [WARNING] Disconnected from Discord
[15:41:45] [WARNING] Shard 0 is disconnected
[15:41:46] [ERROR] Error in C:\Users\SUBHAN\Desktop\AiO\reo\src\events\ready.py, line 79: Cannot write to closing transport
[15:41:48] [INFO] Reconnected to Discord
[15:41:48] [INFO] Shard 0 is resumed
[15:42:34] [INFO] Antispam is disabled for this guild
